[22:58:58] [INIT] KubeJS 2101.7.2-build.368; MC 2101 NeoForge
[22:58:58] [INIT] Loaded plugins:
[22:58:58] [INIT] - dev.latvian.mods.kubejs.plugin.builtin.BuiltinKubeJSPlugin
[22:58:58] [INIT] - dev.latvian.mods.kubejs.plugin.builtin.BuiltinKubeJSClientPlugin
[22:58:58] [INIT] - dev.latvian.mods.kubejs.integration.architectury.ArchitecturyIntegration
[22:58:58] [INIT] - com.jesz.createdieselgenerators.compat.kubejs.CDGKubeJSPlugin
[22:58:58] [INIT] - moe.wolfgirl.probejs.plugin.ProbeJSKJSPlugin
[22:58:58] [INIT] - dev.latvian.mods.kubejs.mekanism.MekanismKubeJSPlugin
[22:58:58] [INIT] - com.almostreliable.ponderjs.KubePlugin
[22:58:58] [INIT] - dev.ftb.mods.ftbxmodcompat.neoforge.ftbquests.kubejs.FTBQuestsKubeJSPlugin
[22:58:58] [INIT] - dev.ftb.mods.ftbxmodcompat.neoforge.ftbchunks.kubejs.FTBChunksKubeJSPlugin
[22:58:58] [INIT] - dev.ftb.mods.ftbxmodcompat.neoforge.ftbteams.kubejs.FTBTeamsKubeJSPlugin
[22:58:58] [INIT] - com.glodblock.github.extendedae.xmod.kjs.KJSPlugin
[22:58:58] [INIT] - aztech.modern_industrialization.compat.kubejs.MIKubeJSPlugin
[22:58:58] [INIT] - com.almostreliable.kubeio.KubePlugin
[22:58:58] [INIT] - dev.latvian.mods.kubejs.create.KubeJSCreatePlugin
[22:58:58] [INFO] server_scripts:main.js#2: Hello, World! (Loaded server example script)
[22:58:58] [INFO] Loaded script server_scripts:main.js in 0.0 s
[22:58:58] [INFO] Loaded 1/1 KubeJS server scripts in 0.031 s with 0 errors and 0 warnings
[22:59:05] [INFO] Server resource reload complete!
